<?xml version="1.0" encoding="UTF-8"?>
<!-- Generated by org.testng.reporters.JUnitXMLReporter -->
<testsuite ignored="0" hostname="DESKTOP-K4PK96U" failures="0" tests="1" name="Test" time="0.041" errors="0" timestamp="18 Sept 2022 10:32:19 GMT">
  <testcase classname="base.BaseTest" name="@BeforeSuite setUp" time="0.131">
    <failure type="java.lang.NullPointerException" message="Cannot invoke &amp;quot;String.equals(Object)&amp;quot; because the return value of &amp;quot;java.util.Properties.getProperty(String)&amp;quot; is null">
      <![CDATA[java.lang.NullPointerException: Cannot invoke "String.equals(Object)" because the return value of "java.util.Properties.getProperty(String)" is null
at base.BaseTest.setUp(BaseTest.java:143)
... Removed 20 stack frames]]>
    </failure>
  </testcase> <!-- @BeforeSuite setUp -->
  <testcase classname="testcases.LoginTest" name="doLogin" time="0.0">
    <skipped/>
  </testcase> <!-- doLogin -->
</testsuite> <!-- Test -->
